etc/apache2/
etc/apache2/conf-available/
etc/apache2/conf-available/javascript-common.conf
var/www/html/
var/www/html/index.nginx-debian.html
etc/nginx/
etc/nginx/nginx.conf
etc/nginx/fastcgi_params
etc/nginx/modules-available/
etc/nginx/conf.d/
etc/nginx/conf.d/revproxy.conf
etc/nginx/scgi_params
etc/nginx/sites-available/
etc/nginx/sites-available/default
etc/nginx/koi-win
etc/nginx/sites-enabled/
etc/nginx/sites-enabled/default
etc/nginx/mime.types
etc/nginx/modules-enabled/
etc/nginx/uwsgi_params
etc/nginx/koi-utf
etc/nginx/win-utf
etc/nginx/snippets/
etc/nginx/snippets/fastcgi-php.conf
etc/nginx/snippets/snakeoil.conf
etc/nginx/fastcgi.conf
etc/nginx/proxy_params
usr/share/nginx/html/
usr/share/nginx/html/index.html
Backup completed at Sun Jan  4 18:08:01 UTC 2026
