==== Sun Jan  4 16:18:01 UTC 2026 ====
USER         PID %CPU %MEM    VSZ   RSS TTY      STAT START   TIME COMMAND
root         294  0.0  0.5 107020 21888 ?        Ssl  08:56   0:00 /usr/bin/python3 /usr/share/unattended-upgrades/unattended-upgrade-shutdown --wait-for-signal
root        7401  1.0  0.5 370072 20096 ?        Ssl  16:17   0:00 /usr/libexec/packagekitd
root          58  0.0  0.4  50484 17536 ?        S<s  08:56   0:03 /usr/lib/systemd/systemd-journald
root         246  0.0  0.3 2052432 14096 ?       Ssl  08:56   0:01 /usr/libexec/wsl-pro-service -vv
root           1  0.0  0.3  21808 12748 ?        Ss   08:56   0:04 /sbin/init
systemd+     160  0.0  0.3  21452 12416 ?        Ss   08:56   0:00 /usr/lib/systemd/systemd-resolved
wizardr+     445  0.0  0.2  20300 11136 ?        Ss   08:56   0:00 /usr/lib/systemd/systemd --user
root         234  0.0  0.2  17960  8448 ?        Ss   08:56   0:00 /usr/lib/systemd/systemd-logind
systemd+     170  0.0  0.1  91020  7680 ?        Ssl  08:56   0:00 /usr/lib/systemd/systemd-timesyncd
==== Sun Jan  4 16:19:01 UTC 2026 ====
USER         PID %CPU %MEM    VSZ   RSS TTY      STAT START   TIME COMMAND
root         294  0.0  0.5 107020 21888 ?        Ssl  08:56   0:00 /usr/bin/python3 /usr/share/unattended-upgrades/unattended-upgrade-shutdown --wait-for-signal
root        7401  0.1  0.5 370072 20224 ?        Ssl  16:17   0:00 /usr/libexec/packagekitd
root          58  0.0  0.4  50484 17536 ?        S<s  08:56   0:03 /usr/lib/systemd/systemd-journald
root         246  0.0  0.3 2052432 14096 ?       Ssl  08:56   0:01 /usr/libexec/wsl-pro-service -vv
root           1  0.0  0.3  21808 12748 ?        Ss   08:56   0:04 /sbin/init
systemd+     160  0.0  0.3  21452 12416 ?        Ss   08:56   0:00 /usr/lib/systemd/systemd-resolved
wizardr+     445  0.0  0.2  20300 11136 ?        Ss   08:56   0:00 /usr/lib/systemd/systemd --user
root         234  0.0  0.2  17960  8448 ?        Ss   08:56   0:00 /usr/lib/systemd/systemd-logind
systemd+     170  0.0  0.1  91020  7680 ?        Ssl  08:56   0:00 /usr/lib/systemd/systemd-timesyncd
==== Sun Jan  4 16:20:01 UTC 2026 ====
USER         PID %CPU %MEM    VSZ   RSS TTY      STAT START   TIME COMMAND
root         294  0.0  0.5 107020 21888 ?        Ssl  08:56   0:00 /usr/bin/python3 /usr/share/unattended-upgrades/unattended-upgrade-shutdown --wait-for-signal
root        7401  0.0  0.5 370072 20224 ?        Ssl  16:17   0:00 /usr/libexec/packagekitd
root          58  0.0  0.4  50484 17536 ?        R<s  08:56   0:03 /usr/lib/systemd/systemd-journald
root         246  0.0  0.3 2052432 14096 ?       Ssl  08:56   0:01 /usr/libexec/wsl-pro-service -vv
root           1  0.0  0.3  21808 12748 ?        Ss   08:56   0:04 /sbin/init
systemd+     160  0.0  0.3  21452 12416 ?        Ss   08:56   0:00 /usr/lib/systemd/systemd-resolved
wizardr+     445  0.0  0.2  20300 11136 ?        Ss   08:56   0:00 /usr/lib/systemd/systemd --user
root         234  0.0  0.2  17960  8448 ?        Ss   08:56   0:00 /usr/lib/systemd/systemd-logind
systemd+     170  0.0  0.1  91020  7680 ?        Ssl  08:56   0:00 /usr/lib/systemd/systemd-timesyncd
==== Sun Jan  4 16:21:01 UTC 2026 ====
USER         PID %CPU %MEM    VSZ   RSS TTY      STAT START   TIME COMMAND
root         294  0.0  0.5 107020 21888 ?        Ssl  08:56   0:00 /usr/bin/python3 /usr/share/unattended-upgrades/unattended-upgrade-shutdown --wait-for-signal
root        7401  0.0  0.5 370072 20224 ?        Ssl  16:17   0:00 /usr/libexec/packagekitd
root          58  0.0  0.4  50484 17536 ?        S<s  08:56   0:03 /usr/lib/systemd/systemd-journald
root         246  0.0  0.3 2052432 14096 ?       Ssl  08:56   0:01 /usr/libexec/wsl-pro-service -vv
root           1  0.0  0.3  21808 12748 ?        Ss   08:56   0:04 /sbin/init
systemd+     160  0.0  0.3  21452 12416 ?        Ss   08:56   0:00 /usr/lib/systemd/systemd-resolved
wizardr+     445  0.0  0.2  20300 11136 ?        Ss   08:56   0:00 /usr/lib/systemd/systemd --user
root         234  0.0  0.2  17960  8448 ?        Ss   08:56   0:00 /usr/lib/systemd/systemd-logind
systemd+     170  0.0  0.1  91020  7680 ?        Ssl  08:56   0:00 /usr/lib/systemd/systemd-timesyncd
==== Sun Jan  4 16:22:01 UTC 2026 ====
USER         PID %CPU %MEM    VSZ   RSS TTY      STAT START   TIME COMMAND
root         294  0.0  0.5 107020 21888 ?        Ssl  08:56   0:00 /usr/bin/python3 /usr/share/unattended-upgrades/unattended-upgrade-shutdown --wait-for-signal
root        7401  0.0  0.5 370072 20224 ?        Ssl  16:17   0:00 /usr/libexec/packagekitd
root          58  0.0  0.4  50484 17536 ?        S<s  08:56   0:03 /usr/lib/systemd/systemd-journald
root         246  0.0  0.3 2052432 14096 ?       Ssl  08:56   0:01 /usr/libexec/wsl-pro-service -vv
root           1  0.0  0.3  21808 12748 ?        Ss   08:56   0:04 /sbin/init
systemd+     160  0.0  0.3  21452 12416 ?        Ss   08:56   0:00 /usr/lib/systemd/systemd-resolved
wizardr+     445  0.0  0.2  20300 11136 ?        Ss   08:56   0:00 /usr/lib/systemd/systemd --user
root         234  0.0  0.2  17960  8448 ?        Ss   08:56   0:00 /usr/lib/systemd/systemd-logind
systemd+     170  0.0  0.1  91020  7680 ?        Ssl  08:56   0:00 /usr/lib/systemd/systemd-timesyncd
